c:\users\jespe\documents\github\projectdx11\projectdx11\projectdx11\x64\debug\vc143.pdb
c:\users\jespe\documents\github\projectdx11\projectdx11\projectdx11\x64\debug\vc143.idb
c:\users\jespe\documents\github\projectdx11\projectdx11\projectdx11\x64\debug\window.obj
c:\users\jespe\documents\github\projectdx11\projectdx11\projectdx11\x64\debug\triangle.obj
c:\users\jespe\documents\github\projectdx11\projectdx11\projectdx11\x64\debug\renderer.obj
c:\users\jespe\documents\github\projectdx11\projectdx11\projectdx11\x64\debug\camera.obj
c:\users\jespe\documents\github\projectdx11\projectdx11\projectdx11\x64\debug\application.obj
c:\users\jespe\documents\github\projectdx11\projectdx11\projectdx11\projectdx11.cso
c:\users\jespe\documents\github\projectdx11\projectdx11\x64\debug\projectdx11.exe
c:\users\jespe\documents\github\projectdx11\projectdx11\x64\debug\projectdx11.pdb
c:\users\jespe\documents\github\projectdx11\projectdx11\projectdx11\x64\debug\projectdx11.ilk
c:\users\jespe\documents\github\projectdx11\projectdx11\projectdx11\x64\debug\projectdx11.tlog\cl.command.1.tlog
c:\users\jespe\documents\github\projectdx11\projectdx11\projectdx11\x64\debug\projectdx11.tlog\cl.items.tlog
c:\users\jespe\documents\github\projectdx11\projectdx11\projectdx11\x64\debug\projectdx11.tlog\cl.read.1.tlog
c:\users\jespe\documents\github\projectdx11\projectdx11\projectdx11\x64\debug\projectdx11.tlog\cl.write.1.tlog
c:\users\jespe\documents\github\projectdx11\projectdx11\projectdx11\x64\debug\projectdx11.tlog\fxc.command.1.tlog
c:\users\jespe\documents\github\projectdx11\projectdx11\projectdx11\x64\debug\projectdx11.tlog\fxc.read.1.tlog
c:\users\jespe\documents\github\projectdx11\projectdx11\projectdx11\x64\debug\projectdx11.tlog\fxc.write.1.tlog
c:\users\jespe\documents\github\projectdx11\projectdx11\projectdx11\x64\debug\projectdx11.tlog\link.command.1.tlog
c:\users\jespe\documents\github\projectdx11\projectdx11\projectdx11\x64\debug\projectdx11.tlog\link.read.1.tlog
c:\users\jespe\documents\github\projectdx11\projectdx11\projectdx11\x64\debug\projectdx11.tlog\link.secondary.1.tlog
c:\users\jespe\documents\github\projectdx11\projectdx11\projectdx11\x64\debug\projectdx11.tlog\link.write.1.tlog
